[debug] [2022-04-18T09:22:12.977Z] ----------------------------------------------------------------------
[debug] [2022-04-18T09:22:12.977Z] Command:       /Users/sugarfree/.nvm/versions/node/v16.14.2/bin/node /Users/sugarfree/.nvm/versions/node/v16.14.2/bin/firebase emulators:start
[debug] [2022-04-18T09:22:12.978Z] CLI Version:   10.6.0
[debug] [2022-04-18T09:22:12.978Z] Platform:      darwin
[debug] [2022-04-18T09:22:12.978Z] Node Version:  v16.14.2
[debug] [2022-04-18T09:22:12.979Z] Time:          Mon Apr 18 2022 04:22:12 GMT-0500 (Central Daylight Time)
[debug] [2022-04-18T09:22:12.979Z] ----------------------------------------------------------------------
[debug] 
[debug] [2022-04-18T09:22:13.006Z] > command requires scopes: ["email","openid","https://www.googleapis.com/auth/cloudplatformprojects.readonly","https://www.googleapis.com/auth/firebase","https://www.googleapis.com/auth/cloud-platform"]
[debug] [2022-04-18T09:22:13.006Z] > authorizing via signed-in user (bobbykeel76@gmail.com)
[info] i  emulators: Starting emulators: functions, hosting {"metadata":{"emulator":{"name":"hub"},"message":"Starting emulators: functions, hosting"}}
[debug] [2022-04-18T09:22:13.020Z] [hub] writing locator at /var/folders/p0/_mz1nh7x1x39t6350qwthw9r0000gn/T/hub-wurklo-web-app.json
[warn] ⚠  functions: The following emulators are not running, calls to these services from the Functions emulator will affect production: auth, firestore, database, pubsub, storage {"metadata":{"emulator":{"name":"functions"},"message":"The following emulators are not running, calls to these services from the Functions emulator will affect production: \u001b[1mauth, firestore, database, pubsub, storage\u001b[22m"}}
[info] ✔  functions: Using node@16 from host. {"metadata":{"emulator":{"name":"functions"},"message":"Using node@16 from host."}}
[debug] [2022-04-18T09:22:13.324Z] defaultcredentials: writing to file /Users/sugarfree/.config/firebase/bobbykeel76_gmail_com_application_default_credentials.json
[debug] [2022-04-18T09:22:13.326Z] Setting GAC to /Users/sugarfree/.config/firebase/bobbykeel76_gmail_com_application_default_credentials.json {"metadata":{"emulator":{"name":"functions"},"message":"Setting GAC to /Users/sugarfree/.config/firebase/bobbykeel76_gmail_com_application_default_credentials.json"}}
[debug] [2022-04-18T09:22:13.327Z] >>> [apiv2][query] GET https://firebase.googleapis.com/v1beta1/projects/wurklo-web-app/adminSdkConfig [none]
[debug] [2022-04-18T09:22:13.804Z] <<< [apiv2][status] GET https://firebase.googleapis.com/v1beta1/projects/wurklo-web-app/adminSdkConfig 200
[debug] [2022-04-18T09:22:13.804Z] <<< [apiv2][body] GET https://firebase.googleapis.com/v1beta1/projects/wurklo-web-app/adminSdkConfig {"projectId":"wurklo-web-app","storageBucket":"wurklo-web-app.appspot.com","locationId":"us-central"}
[debug] [2022-04-18T09:22:13.836Z] >>> [apiv2][query] GET https://firebasehosting.googleapis.com/v1beta1/projects/wurklo-web-app/sites 
[debug] [2022-04-18T09:22:14.549Z] <<< [apiv2][status] GET https://firebasehosting.googleapis.com/v1beta1/projects/wurklo-web-app/sites 200
[debug] [2022-04-18T09:22:14.550Z] <<< [apiv2][body] GET https://firebasehosting.googleapis.com/v1beta1/projects/wurklo-web-app/sites {"sites":[{"name":"projects/166955812347/sites/wurklo-web-app","defaultUrl":"https://wurklo-web-app.web.app","appId":"1:166955812347:web:008476ce0ce2b58d79375e","type":"DEFAULT_SITE"}]}
[debug] [2022-04-18T09:22:14.550Z] >>> [apiv2][query] GET https://firebase.googleapis.com/v1beta1/projects/wurklo-web-app/webApps/1:166955812347:web:008476ce0ce2b58d79375e/config [none]
[debug] [2022-04-18T09:22:14.990Z] <<< [apiv2][status] GET https://firebase.googleapis.com/v1beta1/projects/wurklo-web-app/webApps/1:166955812347:web:008476ce0ce2b58d79375e/config 200
[debug] [2022-04-18T09:22:14.990Z] <<< [apiv2][body] GET https://firebase.googleapis.com/v1beta1/projects/wurklo-web-app/webApps/1:166955812347:web:008476ce0ce2b58d79375e/config {"projectId":"wurklo-web-app","appId":"1:166955812347:web:008476ce0ce2b58d79375e","storageBucket":"wurklo-web-app.appspot.com","locationId":"us-central","apiKey":"AIzaSyBzhq1FzVayu-zLGzzL4rtDBxO5GfX8F7Q","authDomain":"wurklo-web-app.firebaseapp.com","messagingSenderId":"166955812347","measurementId":"G-RYCZQXXK80"}
[info] i  hosting: Serving hosting files from: build {"metadata":{"emulator":{"name":"hosting"},"message":"Serving hosting files from: \u001b[1mbuild\u001b[22m"}}
[info] ✔  hosting: Local server: http://localhost:4000 {"metadata":{"emulator":{"name":"hosting"},"message":"Local server: \u001b[4m\u001b[1mhttp://localhost:4000\u001b[22m\u001b[24m"}}
[warn] ⚠  ui: Emulator UI unable to start on port 4000, starting on 4001 instead. {"metadata":{"emulator":{"name":"ui"},"message":"Emulator UI unable to start on port 4000, starting on 4001 instead."}}
[debug] [2022-04-18T09:22:15.298Z] Ignoring unsupported arg: auto_download {"metadata":{"emulator":{"name":"ui"},"message":"Ignoring unsupported arg: auto_download"}}
[debug] [2022-04-18T09:22:15.299Z] Ignoring unsupported arg: port {"metadata":{"emulator":{"name":"ui"},"message":"Ignoring unsupported arg: port"}}
[debug] [2022-04-18T09:22:15.299Z] Starting Emulator UI with command {"binary":"node","args":["/Users/sugarfree/.cache/firebase/emulators/ui-v1.6.5/server.bundle.js"],"optionalArgs":[],"joinArgs":false} {"metadata":{"emulator":{"name":"ui"},"message":"Starting Emulator UI with command {\"binary\":\"node\",\"args\":[\"/Users/sugarfree/.cache/firebase/emulators/ui-v1.6.5/server.bundle.js\"],\"optionalArgs\":[],\"joinArgs\":false}"}}
[info] i  ui: Emulator UI logging to ui-debug.log {"metadata":{"emulator":{"name":"ui"},"message":"Emulator UI logging to \u001b[1mui-debug.log\u001b[22m"}}
[debug] [2022-04-18T09:22:15.378Z] Web / API server started at localhost:4001
 {"metadata":{"emulator":{"name":"ui"},"message":"Web / API server started at localhost:4001\n"}}
[info] i  functions: Watching "/Users/sugarfree/Desktop/Wurklo_Web_App_JS/Wurklo_Web_App_Simplified/functions" for Cloud Functions... {"metadata":{"emulator":{"name":"functions"},"message":"Watching \"/Users/sugarfree/Desktop/Wurklo_Web_App_JS/Wurklo_Web_App_Simplified/functions\" for Cloud Functions..."}}
[debug] [2022-04-18T09:22:15.586Z] Validating nodejs source
[debug] [2022-04-18T09:22:16.407Z] > [functions] package.json contents: {
  "name": "functions",
  "description": "Cloud Functions for Firebase",
  "scripts": {
    "lint": "eslint .",
    "serve": "firebase emulators:start --only functions",
    "shell": "firebase functions:shell",
    "start": "npm run shell",
    "deploy": "firebase deploy --only functions",
    "logs": "firebase functions:log"
  },
  "engines": {
    "node": "16"
  },
  "main": "index.js",
  "dependencies": {
    "firebase-admin": "^10.0.2",
    "firebase-functions": "^3.18.0"
  },
  "devDependencies": {
    "eslint": "^8.9.0",
    "eslint-config-google": "^0.14.0",
    "firebase-functions-test": "^0.2.0"
  },
  "private": true
}
[debug] [2022-04-18T09:22:16.407Z] Building nodejs source
[debug] [2022-04-18T09:22:16.407Z] Analyzing nodejs backend spec
[info] ✔  functions[us-central1-helloWorld]: http function initialized (http://localhost:5001/wurklo-web-app/us-central1/helloWorld). {"metadata":{"emulator":{"name":"functions"},"message":"\u001b[1mhttp\u001b[22m function initialized (http://localhost:5001/wurklo-web-app/us-central1/helloWorld)."}}
[info] 
┌─────────────────────────────────────────────────────────────┐
│ ✔  All emulators ready! It is now safe to connect your app. │
│ i  View Emulator UI at http://localhost:4001                │
└─────────────────────────────────────────────────────────────┘

┌───────────┬────────────────┬─────────────────────────────────┐
│ Emulator  │ Host:Port      │ View in Emulator UI             │
├───────────┼────────────────┼─────────────────────────────────┤
│ Functions │ localhost:5001 │ http://localhost:4001/functions │
├───────────┼────────────────┼─────────────────────────────────┤
│ Hosting   │ localhost:4000 │ n/a                             │
└───────────┴────────────────┴─────────────────────────────────┘
  Emulator Hub running at localhost:4400
  Other reserved ports: 4500

Issues? Report them at https://github.com/firebase/firebase-tools/issues and attach the *-debug.log files.
 
[info] i  hosting: 127.0.0.1 - - [18/Apr/2022:09:22:19 +0000] "GET / HTTP/1.1" 200 1282 "-" "Mozilla/5.0 (Linux; Android 6.0; Nexus 5 Build/MRA58N) AppleWebKit/537.36 (KHTML, like Gecko) Chrome/100.0.4896.88 Mobile Safari/537.36" {"metadata":{"emulator":{"name":"hosting"},"message":"127.0.0.1 - - [18/Apr/2022:09:22:19 +0000] \"GET / HTTP/1.1\" 200 1282 \"-\" \"Mozilla/5.0 (Linux; Android 6.0; Nexus 5 Build/MRA58N) AppleWebKit/537.36 (KHTML, like Gecko) Chrome/100.0.4896.88 Mobile Safari/537.36\""}}
[info] i  hosting: 127.0.0.1 - - [18/Apr/2022:09:22:19 +0000] "GET /static/js/main.750cdf82.js HTTP/1.1" 200 1452957 "http://localhost:4000/" "Mozilla/5.0 (Linux; Android 6.0; Nexus 5 Build/MRA58N) AppleWebKit/537.36 (KHTML, like Gecko) Chrome/100.0.4896.88 Mobile Safari/537.36" {"metadata":{"emulator":{"name":"hosting"},"message":"127.0.0.1 - - [18/Apr/2022:09:22:19 +0000] \"GET /static/js/main.750cdf82.js HTTP/1.1\" 200 1452957 \"http://localhost:4000/\" \"Mozilla/5.0 (Linux; Android 6.0; Nexus 5 Build/MRA58N) AppleWebKit/537.36 (KHTML, like Gecko) Chrome/100.0.4896.88 Mobile Safari/537.36\""}}
[info] i  hosting: 127.0.0.1 - - [18/Apr/2022:09:22:19 +0000] "GET /static/css/main.7102de0d.css.map HTTP/1.1" 200 19472 "-" "Mozilla/5.0 (Macintosh; Intel Mac OS X 10_15_7) AppleWebKit/537.36 (KHTML, like Gecko) Chrome/100.0.4896.88 Safari/537.36" {"metadata":{"emulator":{"name":"hosting"},"message":"127.0.0.1 - - [18/Apr/2022:09:22:19 +0000] \"GET /static/css/main.7102de0d.css.map HTTP/1.1\" 200 19472 \"-\" \"Mozilla/5.0 (Macintosh; Intel Mac OS X 10_15_7) AppleWebKit/537.36 (KHTML, like Gecko) Chrome/100.0.4896.88 Safari/537.36\""}}
[info] i  hosting: 127.0.0.1 - - [18/Apr/2022:09:22:20 +0000] "GET /static/js/main.750cdf82.js.map HTTP/1.1" 200 9088459 "-" "Mozilla/5.0 (Macintosh; Intel Mac OS X 10_15_7) AppleWebKit/537.36 (KHTML, like Gecko) Chrome/100.0.4896.88 Safari/537.36" {"metadata":{"emulator":{"name":"hosting"},"message":"127.0.0.1 - - [18/Apr/2022:09:22:20 +0000] \"GET /static/js/main.750cdf82.js.map HTTP/1.1\" 200 9088459 \"-\" \"Mozilla/5.0 (Macintosh; Intel Mac OS X 10_15_7) AppleWebKit/537.36 (KHTML, like Gecko) Chrome/100.0.4896.88 Safari/537.36\""}}
[debug] [2022-04-18T09:22:22.014Z] [work-queue] {"queueLength":1,"workRunningCount":0}
[debug] [2022-04-18T09:22:22.015Z] [work-queue] {"queueLength":0,"workRunningCount":1}
[debug] [2022-04-18T09:22:22.016Z] Accepted request POST /wurklo-web-app/us-central1/helloWorld --> us-central1-helloWorld
[debug] [2022-04-18T09:22:22.044Z] [worker-pool] addWorker(us-central1-helloWorld) {"metadata":{"emulator":{"name":"functions"},"message":"[worker-pool] addWorker(us-central1-helloWorld)"}}
[debug] [2022-04-18T09:22:22.045Z] [worker-pool] Adding worker with key us-central1-helloWorld, total=1 {"metadata":{"emulator":{"name":"functions"},"message":"[worker-pool] Adding worker with key us-central1-helloWorld, total=1"}}
[debug] [2022-04-18T09:22:22.045Z] [worker-pool] submitWork(triggerId=us-central1-helloWorld) {"metadata":{"emulator":{"name":"functions"},"message":"[worker-pool] submitWork(triggerId=us-central1-helloWorld)"}}
[debug] [2022-04-18T09:22:22.046Z] [worker-us-central1-helloWorld-53fa5ddd-6b77-4795-97c6-b6adbd177b58]: Assigning socketPath: /var/folders/p0/_mz1nh7x1x39t6350qwthw9r0000gn/T/fire_emu_44641.sock {"metadata":{"emulator":{"name":"functions"},"message":"[worker-us-central1-helloWorld-53fa5ddd-6b77-4795-97c6-b6adbd177b58]: Assigning socketPath: /var/folders/p0/_mz1nh7x1x39t6350qwthw9r0000gn/T/fire_emu_44641.sock"}}
[debug] [2022-04-18T09:22:22.046Z] [worker-us-central1-helloWorld-53fa5ddd-6b77-4795-97c6-b6adbd177b58]: BUSY {"metadata":{"emulator":{"name":"functions"},"message":"[worker-us-central1-helloWorld-53fa5ddd-6b77-4795-97c6-b6adbd177b58]: BUSY"}}
[debug] [2022-04-18T09:22:22.416Z] [runtime-status] [44641] Functions runtime initialized. {"cwd":"/Users/sugarfree/Desktop/Wurklo_Web_App_JS/Wurklo_Web_App_Simplified/functions","node_version":"16.14.2"} {"metadata":{"emulator":{"name":"functions"},"function":{"name":"us-central1-helloWorld"},"extension":{},"message":"[runtime-status] [44641] Functions runtime initialized. {\"cwd\":\"/Users/sugarfree/Desktop/Wurklo_Web_App_JS/Wurklo_Web_App_Simplified/functions\",\"node_version\":\"16.14.2\"}"}}
[debug] [2022-04-18T09:22:22.416Z] [runtime-status] [44641] Disabled runtime features: undefined {"metadata":{"emulator":{"name":"functions"},"function":{"name":"us-central1-helloWorld"},"extension":{},"message":"[runtime-status] [44641] Disabled runtime features: undefined"}}
[debug] [2022-04-18T09:22:22.417Z] [runtime-status] [44641] Resolved module firebase-admin {"declared":true,"installed":true,"version":"10.0.2","resolution":"/Users/sugarfree/Desktop/Wurklo_Web_App_JS/Wurklo_Web_App_Simplified/functions/node_modules/firebase-admin/lib/index.js"} {"metadata":{"emulator":{"name":"functions"},"function":{"name":"us-central1-helloWorld"},"extension":{},"message":"[runtime-status] [44641] Resolved module firebase-admin {\"declared\":true,\"installed\":true,\"version\":\"10.0.2\",\"resolution\":\"/Users/sugarfree/Desktop/Wurklo_Web_App_JS/Wurklo_Web_App_Simplified/functions/node_modules/firebase-admin/lib/index.js\"}"}}
[debug] [2022-04-18T09:22:22.418Z] [runtime-status] [44641] Resolved module firebase-functions {"declared":true,"installed":true,"version":"3.20.1","resolution":"/Users/sugarfree/Desktop/Wurklo_Web_App_JS/Wurklo_Web_App_Simplified/functions/node_modules/firebase-functions/lib/index.js"} {"metadata":{"emulator":{"name":"functions"},"function":{"name":"us-central1-helloWorld"},"extension":{},"message":"[runtime-status] [44641] Resolved module firebase-functions {\"declared\":true,\"installed\":true,\"version\":\"3.20.1\",\"resolution\":\"/Users/sugarfree/Desktop/Wurklo_Web_App_JS/Wurklo_Web_App_Simplified/functions/node_modules/firebase-functions/lib/index.js\"}"}}
[debug] [2022-04-18T09:22:22.418Z] [runtime-status] [44641] Outgoing network have been stubbed. [{"name":"http","status":"mocked"},{"name":"http","status":"mocked"},{"name":"https","status":"mocked"},{"name":"https","status":"mocked"},{"name":"net","status":"mocked"}] {"metadata":{"emulator":{"name":"functions"},"function":{"name":"us-central1-helloWorld"},"extension":{},"message":"[runtime-status] [44641] Outgoing network have been stubbed. [{\"name\":\"http\",\"status\":\"mocked\"},{\"name\":\"http\",\"status\":\"mocked\"},{\"name\":\"https\",\"status\":\"mocked\"},{\"name\":\"https\",\"status\":\"mocked\"},{\"name\":\"net\",\"status\":\"mocked\"}]"}}
[debug] [2022-04-18T09:22:22.418Z] [runtime-status] [44641] Resolved module firebase-functions {"declared":true,"installed":true,"version":"3.20.1","resolution":"/Users/sugarfree/Desktop/Wurklo_Web_App_JS/Wurklo_Web_App_Simplified/functions/node_modules/firebase-functions/lib/index.js"} {"metadata":{"emulator":{"name":"functions"},"function":{"name":"us-central1-helloWorld"},"extension":{},"message":"[runtime-status] [44641] Resolved module firebase-functions {\"declared\":true,\"installed\":true,\"version\":\"3.20.1\",\"resolution\":\"/Users/sugarfree/Desktop/Wurklo_Web_App_JS/Wurklo_Web_App_Simplified/functions/node_modules/firebase-functions/lib/index.js\"}"}}
[debug] [2022-04-18T09:22:22.445Z] [runtime-status] [44641] Checked functions.config() {"config":{}} {"metadata":{"emulator":{"name":"functions"},"function":{"name":"us-central1-helloWorld"},"extension":{},"message":"[runtime-status] [44641] Checked functions.config() {\"config\":{}}"}}
[debug] [2022-04-18T09:22:22.445Z] [runtime-status] [44641] firebase-functions has been stubbed. {"functionsResolution":{"declared":true,"installed":true,"version":"3.20.1","resolution":"/Users/sugarfree/Desktop/Wurklo_Web_App_JS/Wurklo_Web_App_Simplified/functions/node_modules/firebase-functions/lib/index.js"}} {"metadata":{"emulator":{"name":"functions"},"function":{"name":"us-central1-helloWorld"},"extension":{},"message":"[runtime-status] [44641] firebase-functions has been stubbed. {\"functionsResolution\":{\"declared\":true,\"installed\":true,\"version\":\"3.20.1\",\"resolution\":\"/Users/sugarfree/Desktop/Wurklo_Web_App_JS/Wurklo_Web_App_Simplified/functions/node_modules/firebase-functions/lib/index.js\"}}"}}
[debug] [2022-04-18T09:22:22.446Z] [runtime-status] [44641] Resolved module firebase-functions {"declared":true,"installed":true,"version":"3.20.1","resolution":"/Users/sugarfree/Desktop/Wurklo_Web_App_JS/Wurklo_Web_App_Simplified/functions/node_modules/firebase-functions/lib/index.js"} {"metadata":{"emulator":{"name":"functions"},"function":{"name":"us-central1-helloWorld"},"extension":{},"message":"[runtime-status] [44641] Resolved module firebase-functions {\"declared\":true,\"installed\":true,\"version\":\"3.20.1\",\"resolution\":\"/Users/sugarfree/Desktop/Wurklo_Web_App_JS/Wurklo_Web_App_Simplified/functions/node_modules/firebase-functions/lib/index.js\"}"}}
[debug] [2022-04-18T09:22:22.446Z] [runtime-status] [44641] Resolved module firebase-admin {"declared":true,"installed":true,"version":"10.0.2","resolution":"/Users/sugarfree/Desktop/Wurklo_Web_App_JS/Wurklo_Web_App_Simplified/functions/node_modules/firebase-admin/lib/index.js"} {"metadata":{"emulator":{"name":"functions"},"function":{"name":"us-central1-helloWorld"},"extension":{},"message":"[runtime-status] [44641] Resolved module firebase-admin {\"declared\":true,\"installed\":true,\"version\":\"10.0.2\",\"resolution\":\"/Users/sugarfree/Desktop/Wurklo_Web_App_JS/Wurklo_Web_App_Simplified/functions/node_modules/firebase-admin/lib/index.js\"}"}}
[debug] [2022-04-18T09:22:22.447Z] [runtime-status] [44641] Resolved module firebase-functions {"declared":true,"installed":true,"version":"3.20.1","resolution":"/Users/sugarfree/Desktop/Wurklo_Web_App_JS/Wurklo_Web_App_Simplified/functions/node_modules/firebase-functions/lib/index.js"} {"metadata":{"emulator":{"name":"functions"},"function":{"name":"us-central1-helloWorld"},"extension":{},"message":"[runtime-status] [44641] Resolved module firebase-functions {\"declared\":true,\"installed\":true,\"version\":\"3.20.1\",\"resolution\":\"/Users/sugarfree/Desktop/Wurklo_Web_App_JS/Wurklo_Web_App_Simplified/functions/node_modules/firebase-functions/lib/index.js\"}"}}
[debug] [2022-04-18T09:22:22.447Z] [runtime-status] [44641] firebase-admin has been stubbed. {"adminResolution":{"declared":true,"installed":true,"version":"10.0.2","resolution":"/Users/sugarfree/Desktop/Wurklo_Web_App_JS/Wurklo_Web_App_Simplified/functions/node_modules/firebase-admin/lib/index.js"}} {"metadata":{"emulator":{"name":"functions"},"function":{"name":"us-central1-helloWorld"},"extension":{},"message":"[runtime-status] [44641] firebase-admin has been stubbed. {\"adminResolution\":{\"declared\":true,\"installed\":true,\"version\":\"10.0.2\",\"resolution\":\"/Users/sugarfree/Desktop/Wurklo_Web_App_JS/Wurklo_Web_App_Simplified/functions/node_modules/firebase-admin/lib/index.js\"}}"}}
[debug] [2022-04-18T09:22:22.447Z] [runtime-status] [44641] Beginning invocation function helloWorld! {"metadata":{"emulator":{"name":"functions"},"function":{"name":"us-central1-helloWorld"},"extension":{},"message":"[runtime-status] [44641] Beginning invocation function helloWorld!"}}
[info] i  functions: Beginning execution of "helloWorld" {"metadata":{"emulator":{"name":"functions"},"function":{"name":"us-central1-helloWorld"},"extension":{},"message":"Beginning execution of \"helloWorld\""}}
[debug] [2022-04-18T09:22:22.447Z] [runtime-status] [44641] Running helloWorld in signature http {"metadata":{"emulator":{"name":"functions"},"function":{"name":"us-central1-helloWorld"},"extension":{},"message":"[runtime-status] [44641] Running helloWorld in signature http"}}
[debug] [2022-04-18T09:22:22.449Z] [runtime-status] [44641] Attempting to listen to socketPath: /var/folders/p0/_mz1nh7x1x39t6350qwthw9r0000gn/T/fire_emu_44641.sock {"metadata":{"emulator":{"name":"functions"},"function":{"name":"us-central1-helloWorld"},"extension":{},"message":"[runtime-status] [44641] Attempting to listen to socketPath: /var/folders/p0/_mz1nh7x1x39t6350qwthw9r0000gn/T/fire_emu_44641.sock"}}
[debug] [2022-04-18T09:22:22.451Z] [functions] Runtime ready! Sending request! {"metadata":{"emulator":{"name":"functions"},"message":"[functions] Runtime ready! Sending request!"}}
[debug] [2022-04-18T09:22:22.451Z] [functions] Got req.url=/wurklo-web-app/us-central1/helloWorld, mapping to path=/ {"metadata":{"emulator":{"name":"functions"},"message":"[functions] Got req.url=/wurklo-web-app/us-central1/helloWorld, mapping to path=/"}}
[debug] [2022-04-18T09:22:22.453Z] [runtime-status] [44641] Ephemeral server handling POST request {"metadata":{"emulator":{"name":"functions"},"function":{"name":"us-central1-helloWorld"},"extension":{},"message":"[runtime-status] [44641] Ephemeral server handling POST request"}}
[info] >  {"structuredData":true,"severity":"INFO","message":"Hello logs!"} {"user":{"structuredData":true,"severity":"INFO","message":"Hello logs!"},"metadata":{"emulator":{"name":"functions"},"function":{"name":"us-central1-helloWorld"},"extension":{},"message":"\u001b[90m> \u001b[39m {\"structuredData\":true,\"severity\":\"INFO\",\"message\":\"Hello logs!\"}"}}
[info] >  hello {"user":"hello","metadata":{"emulator":{"name":"functions"},"function":{"name":"us-central1-helloWorld"},"extension":{},"message":"\u001b[90m> \u001b[39m hello"}}
[debug] [2022-04-18T09:22:22.456Z] [runtime-status] [44641] Ephemeral server survived. {"metadata":{"emulator":{"name":"functions"},"function":{"name":"us-central1-helloWorld"},"extension":{},"message":"[runtime-status] [44641] Ephemeral server survived."}}
[info] i  functions: Finished "helloWorld" in ~1s {"metadata":{"emulator":{"name":"functions"},"function":{"name":"us-central1-helloWorld"},"extension":{},"message":"Finished \"helloWorld\" in ~1s"}}
[debug] [2022-04-18T09:22:22.457Z] [worker-us-central1-helloWorld-53fa5ddd-6b77-4795-97c6-b6adbd177b58]: IDLE {"metadata":{"emulator":{"name":"functions"},"message":"[worker-us-central1-helloWorld-53fa5ddd-6b77-4795-97c6-b6adbd177b58]: IDLE"}}
[debug] [2022-04-18T09:22:22.457Z] [work-queue] {"queueLength":0,"workRunningCount":0}
[info] i  hosting: 127.0.0.1 - - [18/Apr/2022:09:22:44 +0000] "GET / HTTP/1.1" 200 1282 "-" "Mozilla/5.0 (Linux; Android 6.0; Nexus 5 Build/MRA58N) AppleWebKit/537.36 (KHTML, like Gecko) Chrome/100.0.4896.88 Mobile Safari/537.36" {"metadata":{"emulator":{"name":"hosting"},"message":"127.0.0.1 - - [18/Apr/2022:09:22:44 +0000] \"GET / HTTP/1.1\" 200 1282 \"-\" \"Mozilla/5.0 (Linux; Android 6.0; Nexus 5 Build/MRA58N) AppleWebKit/537.36 (KHTML, like Gecko) Chrome/100.0.4896.88 Mobile Safari/537.36\""}}
[info] i  hosting: 127.0.0.1 - - [18/Apr/2022:09:22:44 +0000] "GET /static/js/main.750cdf82.js HTTP/1.1" 200 1452957 "http://localhost:4000/" "Mozilla/5.0 (Linux; Android 6.0; Nexus 5 Build/MRA58N) AppleWebKit/537.36 (KHTML, like Gecko) Chrome/100.0.4896.88 Mobile Safari/537.36" {"metadata":{"emulator":{"name":"hosting"},"message":"127.0.0.1 - - [18/Apr/2022:09:22:44 +0000] \"GET /static/js/main.750cdf82.js HTTP/1.1\" 200 1452957 \"http://localhost:4000/\" \"Mozilla/5.0 (Linux; Android 6.0; Nexus 5 Build/MRA58N) AppleWebKit/537.36 (KHTML, like Gecko) Chrome/100.0.4896.88 Mobile Safari/537.36\""}}
[info] i  hosting: 127.0.0.1 - - [18/Apr/2022:09:22:44 +0000] "GET /static/css/main.7102de0d.css.map HTTP/1.1" 200 19472 "-" "Mozilla/5.0 (Macintosh; Intel Mac OS X 10_15_7) AppleWebKit/537.36 (KHTML, like Gecko) Chrome/100.0.4896.88 Safari/537.36" {"metadata":{"emulator":{"name":"hosting"},"message":"127.0.0.1 - - [18/Apr/2022:09:22:44 +0000] \"GET /static/css/main.7102de0d.css.map HTTP/1.1\" 200 19472 \"-\" \"Mozilla/5.0 (Macintosh; Intel Mac OS X 10_15_7) AppleWebKit/537.36 (KHTML, like Gecko) Chrome/100.0.4896.88 Safari/537.36\""}}
[info] i  hosting: 127.0.0.1 - - [18/Apr/2022:09:22:45 +0000] "GET /static/js/main.750cdf82.js.map HTTP/1.1" 200 9088459 "-" "Mozilla/5.0 (Macintosh; Intel Mac OS X 10_15_7) AppleWebKit/537.36 (KHTML, like Gecko) Chrome/100.0.4896.88 Safari/537.36" {"metadata":{"emulator":{"name":"hosting"},"message":"127.0.0.1 - - [18/Apr/2022:09:22:45 +0000] \"GET /static/js/main.750cdf82.js.map HTTP/1.1\" 200 9088459 \"-\" \"Mozilla/5.0 (Macintosh; Intel Mac OS X 10_15_7) AppleWebKit/537.36 (KHTML, like Gecko) Chrome/100.0.4896.88 Safari/537.36\""}}
[debug] [2022-04-18T09:22:47.016Z] [work-queue] {"queueLength":1,"workRunningCount":0}
[debug] [2022-04-18T09:22:47.017Z] [work-queue] {"queueLength":0,"workRunningCount":1}
[debug] [2022-04-18T09:22:47.017Z] Accepted request POST /wurklo-web-app/us-central1/helloWorld --> us-central1-helloWorld
[debug] [2022-04-18T09:22:47.017Z] [worker-pool] submitWork(triggerId=us-central1-helloWorld) {"metadata":{"emulator":{"name":"functions"},"message":"[worker-pool] submitWork(triggerId=us-central1-helloWorld)"}}
[debug] [2022-04-18T09:22:47.017Z] [worker-us-central1-helloWorld-53fa5ddd-6b77-4795-97c6-b6adbd177b58]: Assigning socketPath: /var/folders/p0/_mz1nh7x1x39t6350qwthw9r0000gn/T/fire_emu_44641.sock {"metadata":{"emulator":{"name":"functions"},"message":"[worker-us-central1-helloWorld-53fa5ddd-6b77-4795-97c6-b6adbd177b58]: Assigning socketPath: /var/folders/p0/_mz1nh7x1x39t6350qwthw9r0000gn/T/fire_emu_44641.sock"}}
[debug] [2022-04-18T09:22:47.017Z] [worker-us-central1-helloWorld-53fa5ddd-6b77-4795-97c6-b6adbd177b58]: BUSY {"metadata":{"emulator":{"name":"functions"},"message":"[worker-us-central1-helloWorld-53fa5ddd-6b77-4795-97c6-b6adbd177b58]: BUSY"}}
[debug] [2022-04-18T09:22:47.019Z] [runtime-status] [44641] Beginning invocation function helloWorld! {"metadata":{"emulator":{"name":"functions"},"function":{"name":"us-central1-helloWorld"},"extension":{},"message":"[runtime-status] [44641] Beginning invocation function helloWorld!"}}
[info] i  functions: Beginning execution of "helloWorld" {"metadata":{"emulator":{"name":"functions"},"function":{"name":"us-central1-helloWorld"},"extension":{},"message":"Beginning execution of \"helloWorld\""}}
[debug] [2022-04-18T09:22:47.020Z] [runtime-status] [44641] Running helloWorld in signature http {"metadata":{"emulator":{"name":"functions"},"function":{"name":"us-central1-helloWorld"},"extension":{},"message":"[runtime-status] [44641] Running helloWorld in signature http"}}
[debug] [2022-04-18T09:22:47.022Z] [runtime-status] [44641] Attempting to listen to socketPath: /var/folders/p0/_mz1nh7x1x39t6350qwthw9r0000gn/T/fire_emu_44641.sock {"metadata":{"emulator":{"name":"functions"},"function":{"name":"us-central1-helloWorld"},"extension":{},"message":"[runtime-status] [44641] Attempting to listen to socketPath: /var/folders/p0/_mz1nh7x1x39t6350qwthw9r0000gn/T/fire_emu_44641.sock"}}
[debug] [2022-04-18T09:22:47.027Z] [functions] Runtime ready! Sending request! {"metadata":{"emulator":{"name":"functions"},"message":"[functions] Runtime ready! Sending request!"}}
[debug] [2022-04-18T09:22:47.028Z] [functions] Got req.url=/wurklo-web-app/us-central1/helloWorld, mapping to path=/ {"metadata":{"emulator":{"name":"functions"},"message":"[functions] Got req.url=/wurklo-web-app/us-central1/helloWorld, mapping to path=/"}}
[debug] [2022-04-18T09:22:47.036Z] [runtime-status] [44641] Ephemeral server handling POST request {"metadata":{"emulator":{"name":"functions"},"function":{"name":"us-central1-helloWorld"},"extension":{},"message":"[runtime-status] [44641] Ephemeral server handling POST request"}}
[debug] [2022-04-18T09:22:47.036Z] [runtime-status] [44641] Ephemeral server survived. {"metadata":{"emulator":{"name":"functions"},"function":{"name":"us-central1-helloWorld"},"extension":{},"message":"[runtime-status] [44641] Ephemeral server survived."}}
[info] >  {"structuredData":true,"severity":"INFO","message":"Hello logs!"} {"user":{"structuredData":true,"severity":"INFO","message":"Hello logs!"},"metadata":{"emulator":{"name":"functions"},"function":{"name":"us-central1-helloWorld"},"extension":{},"message":"\u001b[90m> \u001b[39m {\"structuredData\":true,\"severity\":\"INFO\",\"message\":\"Hello logs!\"}"}}
[info] >  hello {"user":"hello","metadata":{"emulator":{"name":"functions"},"function":{"name":"us-central1-helloWorld"},"extension":{},"message":"\u001b[90m> \u001b[39m hello"}}
[info] i  functions: Finished "helloWorld" in ~1s {"metadata":{"emulator":{"name":"functions"},"function":{"name":"us-central1-helloWorld"},"extension":{},"message":"Finished \"helloWorld\" in ~1s"}}
[debug] [2022-04-18T09:22:47.039Z] [worker-us-central1-helloWorld-53fa5ddd-6b77-4795-97c6-b6adbd177b58]: IDLE {"metadata":{"emulator":{"name":"functions"},"message":"[worker-us-central1-helloWorld-53fa5ddd-6b77-4795-97c6-b6adbd177b58]: IDLE"}}
[debug] [2022-04-18T09:22:47.040Z] [work-queue] {"queueLength":0,"workRunningCount":0}
[info] i  hosting: 127.0.0.1 - - [18/Apr/2022:09:23:30 +0000] "GET / HTTP/1.1" 200 1282 "http://localhost:4001/" "Mozilla/5.0 (Macintosh; Intel Mac OS X 10_15_7) AppleWebKit/537.36 (KHTML, like Gecko) Chrome/100.0.4896.88 Safari/537.36" {"metadata":{"emulator":{"name":"hosting"},"message":"127.0.0.1 - - [18/Apr/2022:09:23:30 +0000] \"GET / HTTP/1.1\" 200 1282 \"http://localhost:4001/\" \"Mozilla/5.0 (Macintosh; Intel Mac OS X 10_15_7) AppleWebKit/537.36 (KHTML, like Gecko) Chrome/100.0.4896.88 Safari/537.36\""}}
[info] i  hosting: 127.0.0.1 - - [18/Apr/2022:09:23:30 +0000] "GET /static/js/main.750cdf82.js HTTP/1.1" 200 1452957 "http://localhost:4000/" "Mozilla/5.0 (Macintosh; Intel Mac OS X 10_15_7) AppleWebKit/537.36 (KHTML, like Gecko) Chrome/100.0.4896.88 Safari/537.36" {"metadata":{"emulator":{"name":"hosting"},"message":"127.0.0.1 - - [18/Apr/2022:09:23:30 +0000] \"GET /static/js/main.750cdf82.js HTTP/1.1\" 200 1452957 \"http://localhost:4000/\" \"Mozilla/5.0 (Macintosh; Intel Mac OS X 10_15_7) AppleWebKit/537.36 (KHTML, like Gecko) Chrome/100.0.4896.88 Safari/537.36\""}}
[info] i  hosting: 127.0.0.1 - - [18/Apr/2022:09:23:33 +0000] "GET /static/css/main.7102de0d.css.map HTTP/1.1" 200 19472 "-" "Mozilla/5.0 (Macintosh; Intel Mac OS X 10_15_7) AppleWebKit/537.36 (KHTML, like Gecko) Chrome/100.0.4896.88 Safari/537.36" {"metadata":{"emulator":{"name":"hosting"},"message":"127.0.0.1 - - [18/Apr/2022:09:23:33 +0000] \"GET /static/css/main.7102de0d.css.map HTTP/1.1\" 200 19472 \"-\" \"Mozilla/5.0 (Macintosh; Intel Mac OS X 10_15_7) AppleWebKit/537.36 (KHTML, like Gecko) Chrome/100.0.4896.88 Safari/537.36\""}}
[info] i  hosting: 127.0.0.1 - - [18/Apr/2022:09:23:33 +0000] "GET /static/js/main.750cdf82.js.map HTTP/1.1" 200 9088459 "-" "Mozilla/5.0 (Macintosh; Intel Mac OS X 10_15_7) AppleWebKit/537.36 (KHTML, like Gecko) Chrome/100.0.4896.88 Safari/537.36" {"metadata":{"emulator":{"name":"hosting"},"message":"127.0.0.1 - - [18/Apr/2022:09:23:33 +0000] \"GET /static/js/main.750cdf82.js.map HTTP/1.1\" 200 9088459 \"-\" \"Mozilla/5.0 (Macintosh; Intel Mac OS X 10_15_7) AppleWebKit/537.36 (KHTML, like Gecko) Chrome/100.0.4896.88 Safari/537.36\""}}
[debug] [2022-04-18T09:23:34.975Z] [work-queue] {"queueLength":1,"workRunningCount":0}
[debug] [2022-04-18T09:23:34.975Z] [work-queue] {"queueLength":0,"workRunningCount":1}
[debug] [2022-04-18T09:23:34.975Z] Accepted request POST /wurklo-web-app/us-central1/helloWorld --> us-central1-helloWorld
[debug] [2022-04-18T09:23:34.976Z] [worker-pool] submitWork(triggerId=us-central1-helloWorld) {"metadata":{"emulator":{"name":"functions"},"message":"[worker-pool] submitWork(triggerId=us-central1-helloWorld)"}}
[debug] [2022-04-18T09:23:34.976Z] [worker-us-central1-helloWorld-53fa5ddd-6b77-4795-97c6-b6adbd177b58]: Assigning socketPath: /var/folders/p0/_mz1nh7x1x39t6350qwthw9r0000gn/T/fire_emu_44641.sock {"metadata":{"emulator":{"name":"functions"},"message":"[worker-us-central1-helloWorld-53fa5ddd-6b77-4795-97c6-b6adbd177b58]: Assigning socketPath: /var/folders/p0/_mz1nh7x1x39t6350qwthw9r0000gn/T/fire_emu_44641.sock"}}
[debug] [2022-04-18T09:23:34.976Z] [worker-us-central1-helloWorld-53fa5ddd-6b77-4795-97c6-b6adbd177b58]: BUSY {"metadata":{"emulator":{"name":"functions"},"message":"[worker-us-central1-helloWorld-53fa5ddd-6b77-4795-97c6-b6adbd177b58]: BUSY"}}
[debug] [2022-04-18T09:23:34.976Z] [runtime-status] [44641] Beginning invocation function helloWorld! {"metadata":{"emulator":{"name":"functions"},"function":{"name":"us-central1-helloWorld"},"extension":{},"message":"[runtime-status] [44641] Beginning invocation function helloWorld!"}}
[info] i  functions: Beginning execution of "helloWorld" {"metadata":{"emulator":{"name":"functions"},"function":{"name":"us-central1-helloWorld"},"extension":{},"message":"Beginning execution of \"helloWorld\""}}
[debug] [2022-04-18T09:23:34.977Z] [runtime-status] [44641] Running helloWorld in signature http {"metadata":{"emulator":{"name":"functions"},"function":{"name":"us-central1-helloWorld"},"extension":{},"message":"[runtime-status] [44641] Running helloWorld in signature http"}}
[debug] [2022-04-18T09:23:34.977Z] [runtime-status] [44641] Attempting to listen to socketPath: /var/folders/p0/_mz1nh7x1x39t6350qwthw9r0000gn/T/fire_emu_44641.sock {"metadata":{"emulator":{"name":"functions"},"function":{"name":"us-central1-helloWorld"},"extension":{},"message":"[runtime-status] [44641] Attempting to listen to socketPath: /var/folders/p0/_mz1nh7x1x39t6350qwthw9r0000gn/T/fire_emu_44641.sock"}}
[debug] [2022-04-18T09:23:34.984Z] [functions] Runtime ready! Sending request! {"metadata":{"emulator":{"name":"functions"},"message":"[functions] Runtime ready! Sending request!"}}
[debug] [2022-04-18T09:23:34.984Z] [functions] Got req.url=/wurklo-web-app/us-central1/helloWorld, mapping to path=/ {"metadata":{"emulator":{"name":"functions"},"message":"[functions] Got req.url=/wurklo-web-app/us-central1/helloWorld, mapping to path=/"}}
[debug] [2022-04-18T09:23:34.995Z] [runtime-status] [44641] Ephemeral server handling POST request {"metadata":{"emulator":{"name":"functions"},"function":{"name":"us-central1-helloWorld"},"extension":{},"message":"[runtime-status] [44641] Ephemeral server handling POST request"}}
[debug] [2022-04-18T09:23:34.995Z] [runtime-status] [44641] Ephemeral server survived. {"metadata":{"emulator":{"name":"functions"},"function":{"name":"us-central1-helloWorld"},"extension":{},"message":"[runtime-status] [44641] Ephemeral server survived."}}
[info] >  {"structuredData":true,"severity":"INFO","message":"Hello logs!"} {"user":{"structuredData":true,"severity":"INFO","message":"Hello logs!"},"metadata":{"emulator":{"name":"functions"},"function":{"name":"us-central1-helloWorld"},"extension":{},"message":"\u001b[90m> \u001b[39m {\"structuredData\":true,\"severity\":\"INFO\",\"message\":\"Hello logs!\"}"}}
[info] >  hello {"user":"hello","metadata":{"emulator":{"name":"functions"},"function":{"name":"us-central1-helloWorld"},"extension":{},"message":"\u001b[90m> \u001b[39m hello"}}
[info] i  functions: Finished "helloWorld" in ~1s {"metadata":{"emulator":{"name":"functions"},"function":{"name":"us-central1-helloWorld"},"extension":{},"message":"Finished \"helloWorld\" in ~1s"}}
[debug] [2022-04-18T09:23:34.997Z] [worker-us-central1-helloWorld-53fa5ddd-6b77-4795-97c6-b6adbd177b58]: IDLE {"metadata":{"emulator":{"name":"functions"},"message":"[worker-us-central1-helloWorld-53fa5ddd-6b77-4795-97c6-b6adbd177b58]: IDLE"}}
[debug] [2022-04-18T09:23:34.997Z] [work-queue] {"queueLength":0,"workRunningCount":0}
[debug] [2022-04-18T09:24:10.573Z] [work-queue] {"queueLength":1,"workRunningCount":0}
[debug] [2022-04-18T09:24:10.574Z] [work-queue] {"queueLength":0,"workRunningCount":1}
[debug] [2022-04-18T09:24:10.574Z] Accepted request POST /wurklo-web-app/us-central1/helloWorld --> us-central1-helloWorld
[debug] [2022-04-18T09:24:10.574Z] [worker-pool] submitWork(triggerId=us-central1-helloWorld) {"metadata":{"emulator":{"name":"functions"},"message":"[worker-pool] submitWork(triggerId=us-central1-helloWorld)"}}
[debug] [2022-04-18T09:24:10.574Z] [worker-us-central1-helloWorld-53fa5ddd-6b77-4795-97c6-b6adbd177b58]: Assigning socketPath: /var/folders/p0/_mz1nh7x1x39t6350qwthw9r0000gn/T/fire_emu_44641.sock {"metadata":{"emulator":{"name":"functions"},"message":"[worker-us-central1-helloWorld-53fa5ddd-6b77-4795-97c6-b6adbd177b58]: Assigning socketPath: /var/folders/p0/_mz1nh7x1x39t6350qwthw9r0000gn/T/fire_emu_44641.sock"}}
[debug] [2022-04-18T09:24:10.574Z] [worker-us-central1-helloWorld-53fa5ddd-6b77-4795-97c6-b6adbd177b58]: BUSY {"metadata":{"emulator":{"name":"functions"},"message":"[worker-us-central1-helloWorld-53fa5ddd-6b77-4795-97c6-b6adbd177b58]: BUSY"}}
[debug] [2022-04-18T09:24:10.576Z] [runtime-status] [44641] Beginning invocation function helloWorld! {"metadata":{"emulator":{"name":"functions"},"function":{"name":"us-central1-helloWorld"},"extension":{},"message":"[runtime-status] [44641] Beginning invocation function helloWorld!"}}
[info] i  functions: Beginning execution of "helloWorld" {"metadata":{"emulator":{"name":"functions"},"function":{"name":"us-central1-helloWorld"},"extension":{},"message":"Beginning execution of \"helloWorld\""}}
[debug] [2022-04-18T09:24:10.577Z] [runtime-status] [44641] Running helloWorld in signature http {"metadata":{"emulator":{"name":"functions"},"function":{"name":"us-central1-helloWorld"},"extension":{},"message":"[runtime-status] [44641] Running helloWorld in signature http"}}
[debug] [2022-04-18T09:24:10.577Z] [runtime-status] [44641] Attempting to listen to socketPath: /var/folders/p0/_mz1nh7x1x39t6350qwthw9r0000gn/T/fire_emu_44641.sock {"metadata":{"emulator":{"name":"functions"},"function":{"name":"us-central1-helloWorld"},"extension":{},"message":"[runtime-status] [44641] Attempting to listen to socketPath: /var/folders/p0/_mz1nh7x1x39t6350qwthw9r0000gn/T/fire_emu_44641.sock"}}
[debug] [2022-04-18T09:24:10.579Z] [functions] Runtime ready! Sending request! {"metadata":{"emulator":{"name":"functions"},"message":"[functions] Runtime ready! Sending request!"}}
[debug] [2022-04-18T09:24:10.580Z] [functions] Got req.url=/wurklo-web-app/us-central1/helloWorld, mapping to path=/ {"metadata":{"emulator":{"name":"functions"},"message":"[functions] Got req.url=/wurklo-web-app/us-central1/helloWorld, mapping to path=/"}}
[debug] [2022-04-18T09:24:10.587Z] [runtime-status] [44641] Ephemeral server handling POST request {"metadata":{"emulator":{"name":"functions"},"function":{"name":"us-central1-helloWorld"},"extension":{},"message":"[runtime-status] [44641] Ephemeral server handling POST request"}}
[debug] [2022-04-18T09:24:10.587Z] [runtime-status] [44641] Ephemeral server survived. {"metadata":{"emulator":{"name":"functions"},"function":{"name":"us-central1-helloWorld"},"extension":{},"message":"[runtime-status] [44641] Ephemeral server survived."}}
[info] >  {"structuredData":true,"severity":"INFO","message":"Hello logs!"} {"user":{"structuredData":true,"severity":"INFO","message":"Hello logs!"},"metadata":{"emulator":{"name":"functions"},"function":{"name":"us-central1-helloWorld"},"extension":{},"message":"\u001b[90m> \u001b[39m {\"structuredData\":true,\"severity\":\"INFO\",\"message\":\"Hello logs!\"}"}}
[info] >  hello {"user":"hello","metadata":{"emulator":{"name":"functions"},"function":{"name":"us-central1-helloWorld"},"extension":{},"message":"\u001b[90m> \u001b[39m hello"}}
[info] i  functions: Finished "helloWorld" in ~1s {"metadata":{"emulator":{"name":"functions"},"function":{"name":"us-central1-helloWorld"},"extension":{},"message":"Finished \"helloWorld\" in ~1s"}}
[debug] [2022-04-18T09:24:10.592Z] [worker-us-central1-helloWorld-53fa5ddd-6b77-4795-97c6-b6adbd177b58]: IDLE {"metadata":{"emulator":{"name":"functions"},"message":"[worker-us-central1-helloWorld-53fa5ddd-6b77-4795-97c6-b6adbd177b58]: IDLE"}}
[debug] [2022-04-18T09:24:10.592Z] [work-queue] {"queueLength":0,"workRunningCount":0}
[debug] [2022-04-18T09:24:11.288Z] [work-queue] {"queueLength":1,"workRunningCount":0}
[debug] [2022-04-18T09:24:11.288Z] [work-queue] {"queueLength":0,"workRunningCount":1}
[debug] [2022-04-18T09:24:11.288Z] Accepted request POST /wurklo-web-app/us-central1/helloWorld --> us-central1-helloWorld
[debug] [2022-04-18T09:24:11.288Z] [worker-pool] submitWork(triggerId=us-central1-helloWorld) {"metadata":{"emulator":{"name":"functions"},"message":"[worker-pool] submitWork(triggerId=us-central1-helloWorld)"}}
[debug] [2022-04-18T09:24:11.288Z] [worker-us-central1-helloWorld-53fa5ddd-6b77-4795-97c6-b6adbd177b58]: Assigning socketPath: /var/folders/p0/_mz1nh7x1x39t6350qwthw9r0000gn/T/fire_emu_44641.sock {"metadata":{"emulator":{"name":"functions"},"message":"[worker-us-central1-helloWorld-53fa5ddd-6b77-4795-97c6-b6adbd177b58]: Assigning socketPath: /var/folders/p0/_mz1nh7x1x39t6350qwthw9r0000gn/T/fire_emu_44641.sock"}}
[debug] [2022-04-18T09:24:11.288Z] [worker-us-central1-helloWorld-53fa5ddd-6b77-4795-97c6-b6adbd177b58]: BUSY {"metadata":{"emulator":{"name":"functions"},"message":"[worker-us-central1-helloWorld-53fa5ddd-6b77-4795-97c6-b6adbd177b58]: BUSY"}}
[debug] [2022-04-18T09:24:11.289Z] [runtime-status] [44641] Beginning invocation function helloWorld! {"metadata":{"emulator":{"name":"functions"},"function":{"name":"us-central1-helloWorld"},"extension":{},"message":"[runtime-status] [44641] Beginning invocation function helloWorld!"}}
[info] i  functions: Beginning execution of "helloWorld" {"metadata":{"emulator":{"name":"functions"},"function":{"name":"us-central1-helloWorld"},"extension":{},"message":"Beginning execution of \"helloWorld\""}}
[debug] [2022-04-18T09:24:11.289Z] [runtime-status] [44641] Running helloWorld in signature http {"metadata":{"emulator":{"name":"functions"},"function":{"name":"us-central1-helloWorld"},"extension":{},"message":"[runtime-status] [44641] Running helloWorld in signature http"}}
[debug] [2022-04-18T09:24:11.290Z] [runtime-status] [44641] Attempting to listen to socketPath: /var/folders/p0/_mz1nh7x1x39t6350qwthw9r0000gn/T/fire_emu_44641.sock {"metadata":{"emulator":{"name":"functions"},"function":{"name":"us-central1-helloWorld"},"extension":{},"message":"[runtime-status] [44641] Attempting to listen to socketPath: /var/folders/p0/_mz1nh7x1x39t6350qwthw9r0000gn/T/fire_emu_44641.sock"}}
[debug] [2022-04-18T09:24:11.293Z] [functions] Runtime ready! Sending request! {"metadata":{"emulator":{"name":"functions"},"message":"[functions] Runtime ready! Sending request!"}}
[debug] [2022-04-18T09:24:11.293Z] [functions] Got req.url=/wurklo-web-app/us-central1/helloWorld, mapping to path=/ {"metadata":{"emulator":{"name":"functions"},"message":"[functions] Got req.url=/wurklo-web-app/us-central1/helloWorld, mapping to path=/"}}
[debug] [2022-04-18T09:24:11.296Z] [runtime-status] [44641] Ephemeral server handling POST request {"metadata":{"emulator":{"name":"functions"},"function":{"name":"us-central1-helloWorld"},"extension":{},"message":"[runtime-status] [44641] Ephemeral server handling POST request"}}
[info] >  {"structuredData":true,"severity":"INFO","message":"Hello logs!"} {"user":{"structuredData":true,"severity":"INFO","message":"Hello logs!"},"metadata":{"emulator":{"name":"functions"},"function":{"name":"us-central1-helloWorld"},"extension":{},"message":"\u001b[90m> \u001b[39m {\"structuredData\":true,\"severity\":\"INFO\",\"message\":\"Hello logs!\"}"}}
[info] >  hello {"user":"hello","metadata":{"emulator":{"name":"functions"},"function":{"name":"us-central1-helloWorld"},"extension":{},"message":"\u001b[90m> \u001b[39m hello"}}
[debug] [2022-04-18T09:24:11.302Z] [runtime-status] [44641] Ephemeral server survived. {"metadata":{"emulator":{"name":"functions"},"function":{"name":"us-central1-helloWorld"},"extension":{},"message":"[runtime-status] [44641] Ephemeral server survived."}}
[info] i  functions: Finished "helloWorld" in ~1s {"metadata":{"emulator":{"name":"functions"},"function":{"name":"us-central1-helloWorld"},"extension":{},"message":"Finished \"helloWorld\" in ~1s"}}
[debug] [2022-04-18T09:24:11.302Z] [worker-us-central1-helloWorld-53fa5ddd-6b77-4795-97c6-b6adbd177b58]: IDLE {"metadata":{"emulator":{"name":"functions"},"message":"[worker-us-central1-helloWorld-53fa5ddd-6b77-4795-97c6-b6adbd177b58]: IDLE"}}
[debug] [2022-04-18T09:24:11.303Z] [work-queue] {"queueLength":0,"workRunningCount":0}
[debug] [2022-04-18T09:24:11.762Z] [work-queue] {"queueLength":1,"workRunningCount":0}
[debug] [2022-04-18T09:24:11.762Z] [work-queue] {"queueLength":0,"workRunningCount":1}
[debug] [2022-04-18T09:24:11.763Z] Accepted request POST /wurklo-web-app/us-central1/helloWorld --> us-central1-helloWorld
[debug] [2022-04-18T09:24:11.763Z] [worker-pool] submitWork(triggerId=us-central1-helloWorld) {"metadata":{"emulator":{"name":"functions"},"message":"[worker-pool] submitWork(triggerId=us-central1-helloWorld)"}}
[debug] [2022-04-18T09:24:11.763Z] [worker-us-central1-helloWorld-53fa5ddd-6b77-4795-97c6-b6adbd177b58]: Assigning socketPath: /var/folders/p0/_mz1nh7x1x39t6350qwthw9r0000gn/T/fire_emu_44641.sock {"metadata":{"emulator":{"name":"functions"},"message":"[worker-us-central1-helloWorld-53fa5ddd-6b77-4795-97c6-b6adbd177b58]: Assigning socketPath: /var/folders/p0/_mz1nh7x1x39t6350qwthw9r0000gn/T/fire_emu_44641.sock"}}
[debug] [2022-04-18T09:24:11.763Z] [worker-us-central1-helloWorld-53fa5ddd-6b77-4795-97c6-b6adbd177b58]: BUSY {"metadata":{"emulator":{"name":"functions"},"message":"[worker-us-central1-helloWorld-53fa5ddd-6b77-4795-97c6-b6adbd177b58]: BUSY"}}
[debug] [2022-04-18T09:24:11.763Z] [runtime-status] [44641] Beginning invocation function helloWorld! {"metadata":{"emulator":{"name":"functions"},"function":{"name":"us-central1-helloWorld"},"extension":{},"message":"[runtime-status] [44641] Beginning invocation function helloWorld!"}}
[info] i  functions: Beginning execution of "helloWorld" {"metadata":{"emulator":{"name":"functions"},"function":{"name":"us-central1-helloWorld"},"extension":{},"message":"Beginning execution of \"helloWorld\""}}
[debug] [2022-04-18T09:24:11.763Z] [runtime-status] [44641] Running helloWorld in signature http {"metadata":{"emulator":{"name":"functions"},"function":{"name":"us-central1-helloWorld"},"extension":{},"message":"[runtime-status] [44641] Running helloWorld in signature http"}}
[debug] [2022-04-18T09:24:11.763Z] [runtime-status] [44641] Attempting to listen to socketPath: /var/folders/p0/_mz1nh7x1x39t6350qwthw9r0000gn/T/fire_emu_44641.sock {"metadata":{"emulator":{"name":"functions"},"function":{"name":"us-central1-helloWorld"},"extension":{},"message":"[runtime-status] [44641] Attempting to listen to socketPath: /var/folders/p0/_mz1nh7x1x39t6350qwthw9r0000gn/T/fire_emu_44641.sock"}}
[debug] [2022-04-18T09:24:11.765Z] [functions] Runtime ready! Sending request! {"metadata":{"emulator":{"name":"functions"},"message":"[functions] Runtime ready! Sending request!"}}
[debug] [2022-04-18T09:24:11.765Z] [functions] Got req.url=/wurklo-web-app/us-central1/helloWorld, mapping to path=/ {"metadata":{"emulator":{"name":"functions"},"message":"[functions] Got req.url=/wurklo-web-app/us-central1/helloWorld, mapping to path=/"}}
[debug] [2022-04-18T09:24:11.766Z] [runtime-status] [44641] Ephemeral server handling POST request {"metadata":{"emulator":{"name":"functions"},"function":{"name":"us-central1-helloWorld"},"extension":{},"message":"[runtime-status] [44641] Ephemeral server handling POST request"}}
[info] >  {"structuredData":true,"severity":"INFO","message":"Hello logs!"} {"user":{"structuredData":true,"severity":"INFO","message":"Hello logs!"},"metadata":{"emulator":{"name":"functions"},"function":{"name":"us-central1-helloWorld"},"extension":{},"message":"\u001b[90m> \u001b[39m {\"structuredData\":true,\"severity\":\"INFO\",\"message\":\"Hello logs!\"}"}}
[info] >  hello {"user":"hello","metadata":{"emulator":{"name":"functions"},"function":{"name":"us-central1-helloWorld"},"extension":{},"message":"\u001b[90m> \u001b[39m hello"}}
[debug] [2022-04-18T09:24:11.768Z] [runtime-status] [44641] Ephemeral server survived. {"metadata":{"emulator":{"name":"functions"},"function":{"name":"us-central1-helloWorld"},"extension":{},"message":"[runtime-status] [44641] Ephemeral server survived."}}
[info] i  functions: Finished "helloWorld" in ~1s {"metadata":{"emulator":{"name":"functions"},"function":{"name":"us-central1-helloWorld"},"extension":{},"message":"Finished \"helloWorld\" in ~1s"}}
[debug] [2022-04-18T09:24:11.768Z] [worker-us-central1-helloWorld-53fa5ddd-6b77-4795-97c6-b6adbd177b58]: IDLE {"metadata":{"emulator":{"name":"functions"},"message":"[worker-us-central1-helloWorld-53fa5ddd-6b77-4795-97c6-b6adbd177b58]: IDLE"}}
[debug] [2022-04-18T09:24:11.768Z] [work-queue] {"queueLength":0,"workRunningCount":0}
[debug] [2022-04-18T09:24:12.195Z] [work-queue] {"queueLength":1,"workRunningCount":0}
[debug] [2022-04-18T09:24:12.196Z] [work-queue] {"queueLength":0,"workRunningCount":1}
[debug] [2022-04-18T09:24:12.196Z] Accepted request POST /wurklo-web-app/us-central1/helloWorld --> us-central1-helloWorld
[debug] [2022-04-18T09:24:12.196Z] [worker-pool] submitWork(triggerId=us-central1-helloWorld) {"metadata":{"emulator":{"name":"functions"},"message":"[worker-pool] submitWork(triggerId=us-central1-helloWorld)"}}
[debug] [2022-04-18T09:24:12.197Z] [worker-us-central1-helloWorld-53fa5ddd-6b77-4795-97c6-b6adbd177b58]: Assigning socketPath: /var/folders/p0/_mz1nh7x1x39t6350qwthw9r0000gn/T/fire_emu_44641.sock {"metadata":{"emulator":{"name":"functions"},"message":"[worker-us-central1-helloWorld-53fa5ddd-6b77-4795-97c6-b6adbd177b58]: Assigning socketPath: /var/folders/p0/_mz1nh7x1x39t6350qwthw9r0000gn/T/fire_emu_44641.sock"}}
[debug] [2022-04-18T09:24:12.197Z] [worker-us-central1-helloWorld-53fa5ddd-6b77-4795-97c6-b6adbd177b58]: BUSY {"metadata":{"emulator":{"name":"functions"},"message":"[worker-us-central1-helloWorld-53fa5ddd-6b77-4795-97c6-b6adbd177b58]: BUSY"}}
[debug] [2022-04-18T09:24:12.199Z] [runtime-status] [44641] Beginning invocation function helloWorld! {"metadata":{"emulator":{"name":"functions"},"function":{"name":"us-central1-helloWorld"},"extension":{},"message":"[runtime-status] [44641] Beginning invocation function helloWorld!"}}
[info] i  functions: Beginning execution of "helloWorld" {"metadata":{"emulator":{"name":"functions"},"function":{"name":"us-central1-helloWorld"},"extension":{},"message":"Beginning execution of \"helloWorld\""}}
[debug] [2022-04-18T09:24:12.200Z] [runtime-status] [44641] Running helloWorld in signature http {"metadata":{"emulator":{"name":"functions"},"function":{"name":"us-central1-helloWorld"},"extension":{},"message":"[runtime-status] [44641] Running helloWorld in signature http"}}
[debug] [2022-04-18T09:24:12.200Z] [runtime-status] [44641] Attempting to listen to socketPath: /var/folders/p0/_mz1nh7x1x39t6350qwthw9r0000gn/T/fire_emu_44641.sock {"metadata":{"emulator":{"name":"functions"},"function":{"name":"us-central1-helloWorld"},"extension":{},"message":"[runtime-status] [44641] Attempting to listen to socketPath: /var/folders/p0/_mz1nh7x1x39t6350qwthw9r0000gn/T/fire_emu_44641.sock"}}
[debug] [2022-04-18T09:24:12.202Z] [functions] Runtime ready! Sending request! {"metadata":{"emulator":{"name":"functions"},"message":"[functions] Runtime ready! Sending request!"}}
[debug] [2022-04-18T09:24:12.202Z] [functions] Got req.url=/wurklo-web-app/us-central1/helloWorld, mapping to path=/ {"metadata":{"emulator":{"name":"functions"},"message":"[functions] Got req.url=/wurklo-web-app/us-central1/helloWorld, mapping to path=/"}}
[debug] [2022-04-18T09:24:12.205Z] [runtime-status] [44641] Ephemeral server handling POST request {"metadata":{"emulator":{"name":"functions"},"function":{"name":"us-central1-helloWorld"},"extension":{},"message":"[runtime-status] [44641] Ephemeral server handling POST request"}}
[debug] [2022-04-18T09:24:12.205Z] [runtime-status] [44641] Ephemeral server survived. {"metadata":{"emulator":{"name":"functions"},"function":{"name":"us-central1-helloWorld"},"extension":{},"message":"[runtime-status] [44641] Ephemeral server survived."}}
[info] >  {"structuredData":true,"severity":"INFO","message":"Hello logs!"} {"user":{"structuredData":true,"severity":"INFO","message":"Hello logs!"},"metadata":{"emulator":{"name":"functions"},"function":{"name":"us-central1-helloWorld"},"extension":{},"message":"\u001b[90m> \u001b[39m {\"structuredData\":true,\"severity\":\"INFO\",\"message\":\"Hello logs!\"}"}}
[info] >  hello {"user":"hello","metadata":{"emulator":{"name":"functions"},"function":{"name":"us-central1-helloWorld"},"extension":{},"message":"\u001b[90m> \u001b[39m hello"}}
[info] i  functions: Finished "helloWorld" in ~1s {"metadata":{"emulator":{"name":"functions"},"function":{"name":"us-central1-helloWorld"},"extension":{},"message":"Finished \"helloWorld\" in ~1s"}}
[debug] [2022-04-18T09:24:12.211Z] [worker-us-central1-helloWorld-53fa5ddd-6b77-4795-97c6-b6adbd177b58]: IDLE {"metadata":{"emulator":{"name":"functions"},"message":"[worker-us-central1-helloWorld-53fa5ddd-6b77-4795-97c6-b6adbd177b58]: IDLE"}}
[debug] [2022-04-18T09:24:12.211Z] [work-queue] {"queueLength":0,"workRunningCount":0}
[debug] [2022-04-18T09:24:12.729Z] [work-queue] {"queueLength":1,"workRunningCount":0}
[debug] [2022-04-18T09:24:12.729Z] [work-queue] {"queueLength":0,"workRunningCount":1}
[debug] [2022-04-18T09:24:12.730Z] Accepted request POST /wurklo-web-app/us-central1/helloWorld --> us-central1-helloWorld
[debug] [2022-04-18T09:24:12.736Z] [worker-pool] submitWork(triggerId=us-central1-helloWorld) {"metadata":{"emulator":{"name":"functions"},"message":"[worker-pool] submitWork(triggerId=us-central1-helloWorld)"}}
[debug] [2022-04-18T09:24:12.736Z] [worker-us-central1-helloWorld-53fa5ddd-6b77-4795-97c6-b6adbd177b58]: Assigning socketPath: /var/folders/p0/_mz1nh7x1x39t6350qwthw9r0000gn/T/fire_emu_44641.sock {"metadata":{"emulator":{"name":"functions"},"message":"[worker-us-central1-helloWorld-53fa5ddd-6b77-4795-97c6-b6adbd177b58]: Assigning socketPath: /var/folders/p0/_mz1nh7x1x39t6350qwthw9r0000gn/T/fire_emu_44641.sock"}}
[debug] [2022-04-18T09:24:12.736Z] [worker-us-central1-helloWorld-53fa5ddd-6b77-4795-97c6-b6adbd177b58]: BUSY {"metadata":{"emulator":{"name":"functions"},"message":"[worker-us-central1-helloWorld-53fa5ddd-6b77-4795-97c6-b6adbd177b58]: BUSY"}}
[debug] [2022-04-18T09:24:12.737Z] [runtime-status] [44641] Beginning invocation function helloWorld! {"metadata":{"emulator":{"name":"functions"},"function":{"name":"us-central1-helloWorld"},"extension":{},"message":"[runtime-status] [44641] Beginning invocation function helloWorld!"}}
[info] i  functions: Beginning execution of "helloWorld" {"metadata":{"emulator":{"name":"functions"},"function":{"name":"us-central1-helloWorld"},"extension":{},"message":"Beginning execution of \"helloWorld\""}}
[debug] [2022-04-18T09:24:12.737Z] [runtime-status] [44641] Running helloWorld in signature http {"metadata":{"emulator":{"name":"functions"},"function":{"name":"us-central1-helloWorld"},"extension":{},"message":"[runtime-status] [44641] Running helloWorld in signature http"}}
[debug] [2022-04-18T09:24:12.737Z] [runtime-status] [44641] Attempting to listen to socketPath: /var/folders/p0/_mz1nh7x1x39t6350qwthw9r0000gn/T/fire_emu_44641.sock {"metadata":{"emulator":{"name":"functions"},"function":{"name":"us-central1-helloWorld"},"extension":{},"message":"[runtime-status] [44641] Attempting to listen to socketPath: /var/folders/p0/_mz1nh7x1x39t6350qwthw9r0000gn/T/fire_emu_44641.sock"}}
[debug] [2022-04-18T09:24:12.739Z] [functions] Runtime ready! Sending request! {"metadata":{"emulator":{"name":"functions"},"message":"[functions] Runtime ready! Sending request!"}}
[debug] [2022-04-18T09:24:12.739Z] [functions] Got req.url=/wurklo-web-app/us-central1/helloWorld, mapping to path=/ {"metadata":{"emulator":{"name":"functions"},"message":"[functions] Got req.url=/wurklo-web-app/us-central1/helloWorld, mapping to path=/"}}
[debug] [2022-04-18T09:24:12.739Z] [runtime-status] [44641] Ephemeral server handling POST request {"metadata":{"emulator":{"name":"functions"},"function":{"name":"us-central1-helloWorld"},"extension":{},"message":"[runtime-status] [44641] Ephemeral server handling POST request"}}
[info] >  {"structuredData":true,"severity":"INFO","message":"Hello logs!"} {"user":{"structuredData":true,"severity":"INFO","message":"Hello logs!"},"metadata":{"emulator":{"name":"functions"},"function":{"name":"us-central1-helloWorld"},"extension":{},"message":"\u001b[90m> \u001b[39m {\"structuredData\":true,\"severity\":\"INFO\",\"message\":\"Hello logs!\"}"}}
[info] >  hello {"user":"hello","metadata":{"emulator":{"name":"functions"},"function":{"name":"us-central1-helloWorld"},"extension":{},"message":"\u001b[90m> \u001b[39m hello"}}
[debug] [2022-04-18T09:24:12.740Z] [runtime-status] [44641] Ephemeral server survived. {"metadata":{"emulator":{"name":"functions"},"function":{"name":"us-central1-helloWorld"},"extension":{},"message":"[runtime-status] [44641] Ephemeral server survived."}}
[info] i  functions: Finished "helloWorld" in ~1s {"metadata":{"emulator":{"name":"functions"},"function":{"name":"us-central1-helloWorld"},"extension":{},"message":"Finished \"helloWorld\" in ~1s"}}
[debug] [2022-04-18T09:24:12.741Z] [worker-us-central1-helloWorld-53fa5ddd-6b77-4795-97c6-b6adbd177b58]: IDLE {"metadata":{"emulator":{"name":"functions"},"message":"[worker-us-central1-helloWorld-53fa5ddd-6b77-4795-97c6-b6adbd177b58]: IDLE"}}
[debug] [2022-04-18T09:24:12.741Z] [work-queue] {"queueLength":0,"workRunningCount":0}
[debug] [2022-04-18T09:30:13.183Z] File /Users/sugarfree/Desktop/Wurklo_Web_App_JS/Wurklo_Web_App_Simplified/functions/index.js changed, reloading triggers {"metadata":{"emulator":{"name":"functions"},"message":"File /Users/sugarfree/Desktop/Wurklo_Web_App_JS/Wurklo_Web_App_Simplified/functions/index.js changed, reloading triggers"}}
[debug] [2022-04-18T09:30:14.184Z] [worker-pool] Shutting down IDLE worker (us-central1-helloWorld) {"metadata":{"emulator":{"name":"functions"},"message":"[worker-pool] Shutting down IDLE worker (us-central1-helloWorld)"}}
[debug] [2022-04-18T09:30:14.184Z] [worker-us-central1-helloWorld-53fa5ddd-6b77-4795-97c6-b6adbd177b58]: FINISHING {"metadata":{"emulator":{"name":"functions"},"message":"[worker-us-central1-helloWorld-53fa5ddd-6b77-4795-97c6-b6adbd177b58]: FINISHING"}}
[debug] [2022-04-18T09:30:14.186Z] Validating nodejs source
[debug] [2022-04-18T09:30:15.161Z] > [functions] package.json contents: {
  "name": "functions",
  "description": "Cloud Functions for Firebase",
  "scripts": {
    "lint": "eslint .",
    "serve": "firebase emulators:start --only functions",
    "shell": "firebase functions:shell",
    "start": "npm run shell",
    "deploy": "firebase deploy --only functions",
    "logs": "firebase functions:log"
  },
  "engines": {
    "node": "16"
  },
  "main": "index.js",
  "dependencies": {
    "firebase-admin": "^10.0.2",
    "firebase-functions": "^3.18.0"
  },
  "devDependencies": {
    "eslint": "^8.9.0",
    "eslint-config-google": "^0.14.0",
    "firebase-functions-test": "^0.2.0"
  },
  "private": true
}
[debug] [2022-04-18T09:30:15.161Z] Building nodejs source
[debug] [2022-04-18T09:30:15.161Z] Analyzing nodejs backend spec
[debug] [2022-04-18T09:30:15.166Z] [worker-us-central1-helloWorld-53fa5ddd-6b77-4795-97c6-b6adbd177b58]: exited {"metadata":{"emulator":{"name":"functions"},"message":"[worker-us-central1-helloWorld-53fa5ddd-6b77-4795-97c6-b6adbd177b58]: exited"}}
[debug] [2022-04-18T09:30:15.166Z] [worker-us-central1-helloWorld-53fa5ddd-6b77-4795-97c6-b6adbd177b58]: FINISHED {"metadata":{"emulator":{"name":"functions"},"message":"[worker-us-central1-helloWorld-53fa5ddd-6b77-4795-97c6-b6adbd177b58]: FINISHED"}}
[debug] [2022-04-18T09:30:19.175Z] [work-queue] {"queueLength":1,"workRunningCount":0}
[debug] [2022-04-18T09:30:19.176Z] [work-queue] {"queueLength":0,"workRunningCount":1}
[debug] [2022-04-18T09:30:19.176Z] Accepted request POST /wurklo-web-app/us-central1/helloWorld --> us-central1-helloWorld
[debug] [2022-04-18T09:30:19.176Z] [worker-pool] Cleaned up workers for us-central1-helloWorld: 1 --> 0 {"metadata":{"emulator":{"name":"functions"},"message":"[worker-pool] Cleaned up workers for us-central1-helloWorld: 1 --> 0"}}
[debug] [2022-04-18T09:30:19.186Z] [worker-pool] addWorker(us-central1-helloWorld) {"metadata":{"emulator":{"name":"functions"},"message":"[worker-pool] addWorker(us-central1-helloWorld)"}}
[debug] [2022-04-18T09:30:19.188Z] [worker-pool] Adding worker with key us-central1-helloWorld, total=1 {"metadata":{"emulator":{"name":"functions"},"message":"[worker-pool] Adding worker with key us-central1-helloWorld, total=1"}}
[debug] [2022-04-18T09:30:19.188Z] [worker-pool] submitWork(triggerId=us-central1-helloWorld) {"metadata":{"emulator":{"name":"functions"},"message":"[worker-pool] submitWork(triggerId=us-central1-helloWorld)"}}
[debug] [2022-04-18T09:30:19.189Z] [worker-us-central1-helloWorld-0b161b0a-4017-484c-91ae-beaa7876afe5]: Assigning socketPath: /var/folders/p0/_mz1nh7x1x39t6350qwthw9r0000gn/T/fire_emu_44712.sock {"metadata":{"emulator":{"name":"functions"},"message":"[worker-us-central1-helloWorld-0b161b0a-4017-484c-91ae-beaa7876afe5]: Assigning socketPath: /var/folders/p0/_mz1nh7x1x39t6350qwthw9r0000gn/T/fire_emu_44712.sock"}}
[debug] [2022-04-18T09:30:19.189Z] [worker-us-central1-helloWorld-0b161b0a-4017-484c-91ae-beaa7876afe5]: BUSY {"metadata":{"emulator":{"name":"functions"},"message":"[worker-us-central1-helloWorld-0b161b0a-4017-484c-91ae-beaa7876afe5]: BUSY"}}
[debug] [2022-04-18T09:30:19.586Z] [runtime-status] [44712] Functions runtime initialized. {"cwd":"/Users/sugarfree/Desktop/Wurklo_Web_App_JS/Wurklo_Web_App_Simplified/functions","node_version":"16.14.2"} {"metadata":{"emulator":{"name":"functions"},"function":{"name":"us-central1-helloWorld"},"extension":{},"message":"[runtime-status] [44712] Functions runtime initialized. {\"cwd\":\"/Users/sugarfree/Desktop/Wurklo_Web_App_JS/Wurklo_Web_App_Simplified/functions\",\"node_version\":\"16.14.2\"}"}}
[debug] [2022-04-18T09:30:19.586Z] [runtime-status] [44712] Disabled runtime features: undefined {"metadata":{"emulator":{"name":"functions"},"function":{"name":"us-central1-helloWorld"},"extension":{},"message":"[runtime-status] [44712] Disabled runtime features: undefined"}}
[debug] [2022-04-18T09:30:19.588Z] [runtime-status] [44712] Resolved module firebase-admin {"declared":true,"installed":true,"version":"10.0.2","resolution":"/Users/sugarfree/Desktop/Wurklo_Web_App_JS/Wurklo_Web_App_Simplified/functions/node_modules/firebase-admin/lib/index.js"} {"metadata":{"emulator":{"name":"functions"},"function":{"name":"us-central1-helloWorld"},"extension":{},"message":"[runtime-status] [44712] Resolved module firebase-admin {\"declared\":true,\"installed\":true,\"version\":\"10.0.2\",\"resolution\":\"/Users/sugarfree/Desktop/Wurklo_Web_App_JS/Wurklo_Web_App_Simplified/functions/node_modules/firebase-admin/lib/index.js\"}"}}
[debug] [2022-04-18T09:30:19.588Z] [runtime-status] [44712] Resolved module firebase-functions {"declared":true,"installed":true,"version":"3.20.1","resolution":"/Users/sugarfree/Desktop/Wurklo_Web_App_JS/Wurklo_Web_App_Simplified/functions/node_modules/firebase-functions/lib/index.js"} {"metadata":{"emulator":{"name":"functions"},"function":{"name":"us-central1-helloWorld"},"extension":{},"message":"[runtime-status] [44712] Resolved module firebase-functions {\"declared\":true,\"installed\":true,\"version\":\"3.20.1\",\"resolution\":\"/Users/sugarfree/Desktop/Wurklo_Web_App_JS/Wurklo_Web_App_Simplified/functions/node_modules/firebase-functions/lib/index.js\"}"}}
[debug] [2022-04-18T09:30:19.589Z] [runtime-status] [44712] Outgoing network have been stubbed. [{"name":"http","status":"mocked"},{"name":"http","status":"mocked"},{"name":"https","status":"mocked"},{"name":"https","status":"mocked"},{"name":"net","status":"mocked"}] {"metadata":{"emulator":{"name":"functions"},"function":{"name":"us-central1-helloWorld"},"extension":{},"message":"[runtime-status] [44712] Outgoing network have been stubbed. [{\"name\":\"http\",\"status\":\"mocked\"},{\"name\":\"http\",\"status\":\"mocked\"},{\"name\":\"https\",\"status\":\"mocked\"},{\"name\":\"https\",\"status\":\"mocked\"},{\"name\":\"net\",\"status\":\"mocked\"}]"}}
[debug] [2022-04-18T09:30:19.589Z] [runtime-status] [44712] Resolved module firebase-functions {"declared":true,"installed":true,"version":"3.20.1","resolution":"/Users/sugarfree/Desktop/Wurklo_Web_App_JS/Wurklo_Web_App_Simplified/functions/node_modules/firebase-functions/lib/index.js"} {"metadata":{"emulator":{"name":"functions"},"function":{"name":"us-central1-helloWorld"},"extension":{},"message":"[runtime-status] [44712] Resolved module firebase-functions {\"declared\":true,\"installed\":true,\"version\":\"3.20.1\",\"resolution\":\"/Users/sugarfree/Desktop/Wurklo_Web_App_JS/Wurklo_Web_App_Simplified/functions/node_modules/firebase-functions/lib/index.js\"}"}}
[debug] [2022-04-18T09:30:19.617Z] [runtime-status] [44712] Checked functions.config() {"config":{}} {"metadata":{"emulator":{"name":"functions"},"function":{"name":"us-central1-helloWorld"},"extension":{},"message":"[runtime-status] [44712] Checked functions.config() {\"config\":{}}"}}
[debug] [2022-04-18T09:30:19.617Z] [runtime-status] [44712] firebase-functions has been stubbed. {"functionsResolution":{"declared":true,"installed":true,"version":"3.20.1","resolution":"/Users/sugarfree/Desktop/Wurklo_Web_App_JS/Wurklo_Web_App_Simplified/functions/node_modules/firebase-functions/lib/index.js"}} {"metadata":{"emulator":{"name":"functions"},"function":{"name":"us-central1-helloWorld"},"extension":{},"message":"[runtime-status] [44712] firebase-functions has been stubbed. {\"functionsResolution\":{\"declared\":true,\"installed\":true,\"version\":\"3.20.1\",\"resolution\":\"/Users/sugarfree/Desktop/Wurklo_Web_App_JS/Wurklo_Web_App_Simplified/functions/node_modules/firebase-functions/lib/index.js\"}}"}}
[debug] [2022-04-18T09:30:19.618Z] [runtime-status] [44712] Resolved module firebase-functions {"declared":true,"installed":true,"version":"3.20.1","resolution":"/Users/sugarfree/Desktop/Wurklo_Web_App_JS/Wurklo_Web_App_Simplified/functions/node_modules/firebase-functions/lib/index.js"} {"metadata":{"emulator":{"name":"functions"},"function":{"name":"us-central1-helloWorld"},"extension":{},"message":"[runtime-status] [44712] Resolved module firebase-functions {\"declared\":true,\"installed\":true,\"version\":\"3.20.1\",\"resolution\":\"/Users/sugarfree/Desktop/Wurklo_Web_App_JS/Wurklo_Web_App_Simplified/functions/node_modules/firebase-functions/lib/index.js\"}"}}
[debug] [2022-04-18T09:30:19.618Z] [runtime-status] [44712] Resolved module firebase-admin {"declared":true,"installed":true,"version":"10.0.2","resolution":"/Users/sugarfree/Desktop/Wurklo_Web_App_JS/Wurklo_Web_App_Simplified/functions/node_modules/firebase-admin/lib/index.js"} {"metadata":{"emulator":{"name":"functions"},"function":{"name":"us-central1-helloWorld"},"extension":{},"message":"[runtime-status] [44712] Resolved module firebase-admin {\"declared\":true,\"installed\":true,\"version\":\"10.0.2\",\"resolution\":\"/Users/sugarfree/Desktop/Wurklo_Web_App_JS/Wurklo_Web_App_Simplified/functions/node_modules/firebase-admin/lib/index.js\"}"}}
[debug] [2022-04-18T09:30:19.618Z] [runtime-status] [44712] Resolved module firebase-functions {"declared":true,"installed":true,"version":"3.20.1","resolution":"/Users/sugarfree/Desktop/Wurklo_Web_App_JS/Wurklo_Web_App_Simplified/functions/node_modules/firebase-functions/lib/index.js"} {"metadata":{"emulator":{"name":"functions"},"function":{"name":"us-central1-helloWorld"},"extension":{},"message":"[runtime-status] [44712] Resolved module firebase-functions {\"declared\":true,\"installed\":true,\"version\":\"3.20.1\",\"resolution\":\"/Users/sugarfree/Desktop/Wurklo_Web_App_JS/Wurklo_Web_App_Simplified/functions/node_modules/firebase-functions/lib/index.js\"}"}}
[debug] [2022-04-18T09:30:19.618Z] [runtime-status] [44712] firebase-admin has been stubbed. {"adminResolution":{"declared":true,"installed":true,"version":"10.0.2","resolution":"/Users/sugarfree/Desktop/Wurklo_Web_App_JS/Wurklo_Web_App_Simplified/functions/node_modules/firebase-admin/lib/index.js"}} {"metadata":{"emulator":{"name":"functions"},"function":{"name":"us-central1-helloWorld"},"extension":{},"message":"[runtime-status] [44712] firebase-admin has been stubbed. {\"adminResolution\":{\"declared\":true,\"installed\":true,\"version\":\"10.0.2\",\"resolution\":\"/Users/sugarfree/Desktop/Wurklo_Web_App_JS/Wurklo_Web_App_Simplified/functions/node_modules/firebase-admin/lib/index.js\"}}"}}
[debug] [2022-04-18T09:30:19.619Z] [runtime-status] [44712] Beginning invocation function helloWorld! {"metadata":{"emulator":{"name":"functions"},"function":{"name":"us-central1-helloWorld"},"extension":{},"message":"[runtime-status] [44712] Beginning invocation function helloWorld!"}}
[info] i  functions: Beginning execution of "helloWorld" {"metadata":{"emulator":{"name":"functions"},"function":{"name":"us-central1-helloWorld"},"extension":{},"message":"Beginning execution of \"helloWorld\""}}
[debug] [2022-04-18T09:30:19.619Z] [runtime-status] [44712] Running helloWorld in signature http {"metadata":{"emulator":{"name":"functions"},"function":{"name":"us-central1-helloWorld"},"extension":{},"message":"[runtime-status] [44712] Running helloWorld in signature http"}}
[debug] [2022-04-18T09:30:19.620Z] [runtime-status] [44712] Attempting to listen to socketPath: /var/folders/p0/_mz1nh7x1x39t6350qwthw9r0000gn/T/fire_emu_44712.sock {"metadata":{"emulator":{"name":"functions"},"function":{"name":"us-central1-helloWorld"},"extension":{},"message":"[runtime-status] [44712] Attempting to listen to socketPath: /var/folders/p0/_mz1nh7x1x39t6350qwthw9r0000gn/T/fire_emu_44712.sock"}}
[debug] [2022-04-18T09:30:19.622Z] [functions] Runtime ready! Sending request! {"metadata":{"emulator":{"name":"functions"},"message":"[functions] Runtime ready! Sending request!"}}
[debug] [2022-04-18T09:30:19.623Z] [functions] Got req.url=/wurklo-web-app/us-central1/helloWorld, mapping to path=/ {"metadata":{"emulator":{"name":"functions"},"message":"[functions] Got req.url=/wurklo-web-app/us-central1/helloWorld, mapping to path=/"}}
[debug] [2022-04-18T09:30:19.625Z] [runtime-status] [44712] Ephemeral server handling POST request {"metadata":{"emulator":{"name":"functions"},"function":{"name":"us-central1-helloWorld"},"extension":{},"message":"[runtime-status] [44712] Ephemeral server handling POST request"}}
[info] >  {"structuredData":true,"severity":"INFO","message":"Hello logs!"} {"user":{"structuredData":true,"severity":"INFO","message":"Hello logs!"},"metadata":{"emulator":{"name":"functions"},"function":{"name":"us-central1-helloWorld"},"extension":{},"message":"\u001b[90m> \u001b[39m {\"structuredData\":true,\"severity\":\"INFO\",\"message\":\"Hello logs!\"}"}}
[info] >  hell {"user":"hell","metadata":{"emulator":{"name":"functions"},"function":{"name":"us-central1-helloWorld"},"extension":{},"message":"\u001b[90m> \u001b[39m hell"}}
[debug] [2022-04-18T09:30:19.628Z] [runtime-status] [44712] Ephemeral server survived. {"metadata":{"emulator":{"name":"functions"},"function":{"name":"us-central1-helloWorld"},"extension":{},"message":"[runtime-status] [44712] Ephemeral server survived."}}
[info] i  functions: Finished "helloWorld" in ~1s {"metadata":{"emulator":{"name":"functions"},"function":{"name":"us-central1-helloWorld"},"extension":{},"message":"Finished \"helloWorld\" in ~1s"}}
[debug] [2022-04-18T09:30:19.629Z] [worker-us-central1-helloWorld-0b161b0a-4017-484c-91ae-beaa7876afe5]: IDLE {"metadata":{"emulator":{"name":"functions"},"message":"[worker-us-central1-helloWorld-0b161b0a-4017-484c-91ae-beaa7876afe5]: IDLE"}}
[debug] [2022-04-18T09:30:19.629Z] [work-queue] {"queueLength":0,"workRunningCount":0}
